  Logging at level: debug
    Jekyll Version: 4.4.1
Configuration file: /workspaces/otsecverse.github.io/_config.yml
             Theme: jekyll-theme-chirpy
      Theme source: /usr/local/rvm/gems/default/gems/jekyll-theme-chirpy-7.4.1
         Requiring: jekyll-paginate
         Requiring: jekyll-seo-tag
         Requiring: jekyll-archives
         Requiring: jekyll-sitemap
         Requiring: jekyll-include-cache
         Requiring: /workspaces/otsecverse.github.io/_plugins/posts-lastmod-hook.rb
            Source: /workspaces/otsecverse.github.io
       Destination: /workspaces/otsecverse.github.io/_site
 Incremental build: disabled. Enable with --incremental
      Generating... 
           Reading: /_layouts/archives.html
           Reading: /_layouts/categories.html
           Reading: /_layouts/category.html
           Reading: /_layouts/compress.html
           Reading: /_layouts/default.html
           Reading: /_layouts/home.html
           Reading: /_layouts/page.html
           Reading: /_layouts/post.html
           Reading: /_layouts/tag.html
           Reading: /_layouts/tags.html
       EntryFilter: excluded /LICENSE
       EntryFilter: excluded /tools
       EntryFilter: excluded /README.md
       EntryFilter: excluded /.jekyll-cache
       EntryFilter: excluded /Gemfile.bak
       EntryFilter: excluded /Gemfile.lock
       EntryFilter: excluded /Gemfile
       EntryFilter: excluded /Gemfile.fix.bak
posts-lastmod-hook: Skipping Git lookup (git unavailable or not a git repo)
posts-lastmod-hook: Skipping Git lookup (git unavailable or not a git repo)
posts-lastmod-hook: Skipping Git lookup (git unavailable or not a git repo)
posts-lastmod-hook: Skipping Git lookup (git unavailable or not a git repo)
posts-lastmod-hook: Skipping Git lookup (git unavailable or not a git repo)
posts-lastmod-hook: Skipping Git lookup (git unavailable or not a git repo)
posts-lastmod-hook: Skipping Git lookup (git unavailable or not a git repo)
posts-lastmod-hook: Skipping Git lookup (git unavailable or not a git repo)
posts-lastmod-hook: Skipping Git lookup (git unavailable or not a git repo)
posts-lastmod-hook: Skipping Git lookup (git unavailable or not a git repo)
posts-lastmod-hook: Skipping Git lookup (git unavailable or not a git repo)
posts-lastmod-hook: Skipping Git lookup (git unavailable or not a git repo)
posts-lastmod-hook: Skipping Git lookup (git unavailable or not a git repo)
posts-lastmod-hook: Skipping Git lookup (git unavailable or not a git repo)
posts-lastmod-hook: Skipping Git lookup (git unavailable or not a git repo)
posts-lastmod-hook: Skipping Git lookup (git unavailable or not a git repo)
posts-lastmod-hook: Skipping Git lookup (git unavailable or not a git repo)
posts-lastmod-hook: Skipping Git lookup (git unavailable or not a git repo)
posts-lastmod-hook: Skipping Git lookup (git unavailable or not a git repo)
posts-lastmod-hook: Skipping Git lookup (git unavailable or not a git repo)
posts-lastmod-hook: Skipping Git lookup (git unavailable or not a git repo)
posts-lastmod-hook: Skipping Git lookup (git unavailable or not a git repo)
posts-lastmod-hook: Skipping Git lookup (git unavailable or not a git repo)
posts-lastmod-hook: Skipping Git lookup (git unavailable or not a git repo)
posts-lastmod-hook: Skipping Git lookup (git unavailable or not a git repo)
posts-lastmod-hook: Skipping Git lookup (git unavailable or not a git repo)
posts-lastmod-hook: Skipping Git lookup (git unavailable or not a git repo)
posts-lastmod-hook: Skipping Git lookup (git unavailable or not a git repo)
posts-lastmod-hook: Skipping Git lookup (git unavailable or not a git repo)
posts-lastmod-hook: Skipping Git lookup (git unavailable or not a git repo)
posts-lastmod-hook: Skipping Git lookup (git unavailable or not a git repo)
posts-lastmod-hook: Skipping Git lookup (git unavailable or not a git repo)
posts-lastmod-hook: Skipping Git lookup (git unavailable or not a git repo)
posts-lastmod-hook: Skipping Git lookup (git unavailable or not a git repo)
posts-lastmod-hook: Skipping Git lookup (git unavailable or not a git repo)
posts-lastmod-hook: Skipping Git lookup (git unavailable or not a git repo)
posts-lastmod-hook: Skipping Git lookup (git unavailable or not a git repo)
posts-lastmod-hook: Skipping Git lookup (git unavailable or not a git repo)
posts-lastmod-hook: Skipping Git lookup (git unavailable or not a git repo)
posts-lastmod-hook: Skipping Git lookup (git unavailable or not a git repo)
posts-lastmod-hook: Skipping Git lookup (git unavailable or not a git repo)
posts-lastmod-hook: Skipping Git lookup (git unavailable or not a git repo)
posts-lastmod-hook: Skipping Git lookup (git unavailable or not a git repo)
posts-lastmod-hook: Skipping Git lookup (git unavailable or not a git repo)
posts-lastmod-hook: Skipping Git lookup (git unavailable or not a git repo)
posts-lastmod-hook: Skipping Git lookup (git unavailable or not a git repo)
posts-lastmod-hook: Skipping Git lookup (git unavailable or not a git repo)
posts-lastmod-hook: Skipping Git lookup (git unavailable or not a git repo)
           Reading: _posts/2023-10-15-Post 0.md
           Reading: _posts/2023-10-22-Post 1.md
           Reading: _posts/2023-10-29-Post 2.md
           Reading: _posts/2023-11-05-Post 3.md
           Reading: _posts/2023-11-12-Post 4.md
           Reading: _posts/2023-11-19-Post 5.md
           Reading: _posts/2023-11-26-Post 6.md
           Reading: _posts/2023-12-09-Post 7.md
           Reading: _posts/2023-12-25-Post 8.md
           Reading: _posts/2024-01-14-Post 9.md
           Reading: _posts/2024-01-22-Post 10.md
           Reading: _posts/2024-01-30-Post 11.md
           Reading: _posts/2024-02-05-Post 12.md
           Reading: _posts/2024-02-25-Post 13.md
           Reading: _posts/2024-03-10-Post 14.md
           Reading: _posts/2024-03-31-Post 15.md
           Reading: _posts/2024-04-07-Post 16.md
           Reading: _posts/2024-05-02-Post 17.md
           Reading: _posts/2024-05-14-Post 18.md
           Reading: _posts/2024-05-26-Post 19.md
           Reading: _posts/2024-06-15-Post 20.md
           Reading: _posts/2024-06-29-Post 21.md
           Reading: _posts/2024-07-07-Post 22.md
           Reading: _posts/2024-07-14-Post 23.md
           Reading: _posts/2024-08-01-Post 24.md
           Reading: _posts/2024-08-25-Post 25.md
           Reading: _posts/2024-09-14-Post 26.md
           Reading: _posts/2024-09-29-Post 27.md
           Reading: _posts/2024-10-19-Post 28.md
           Reading: _posts/2024-11-06-Post 29.md
           Reading: _posts/2024-11-15-Post 30.md
           Reading: _posts/2024-11-23-Post 31.md
           Reading: _posts/2024-12-01-Post 32.md
           Reading: _posts/2024-12-21-Post 33.md
           Reading: _posts/2025-01-05-Post 34.md
           Reading: _posts/2025-02-06-Post 35.md
           Reading: _posts/2025-03-24-Post 36.md
           Reading: _posts/2025-06-11-Post 37.md
           Reading: _posts/2025-07-05-Post 38.md
           Reading: _posts/2025-07-09-Post 39.md
           Reading: _posts/2025-07-09-Post 40.md
           Reading: _posts/2025-07-27-Post 41.md
           Reading: _posts/2025-08-21-Post 42.md
           Reading: _posts/2025-08-21-Post 43.md
           Reading: _posts/2025-08-21-Post 44.md
           Reading: _posts/2025-10-12-Post 45.md
           Reading: _posts/2025-10-12-Post 46.md
           Reading: _posts/2025-10-12-Post 47.md
           Reading: index.html
           Reading: _tabs/about.md
           Reading: _tabs/archives.md
           Reading: _tabs/categories.md
           Reading: _tabs/tags.md
           Reading: assets/404.html
           Reading: assets/css/jekyll-theme-chirpy.scss
           Reading: assets/feed.xml
           Reading: assets/img/favicons/site.webmanifest
           Reading: assets/js/data/mathjax.js
           Reading: assets/js/data/search.json
           Reading: assets/js/data/swconf.js
           Reading: assets/js/dist/app.min.js
           Reading: assets/js/dist/sw.min.js
           Reading: assets/robots.txt
           Reading: _data/contact.yml
           Reading: _data/share.yml
           Reading: _data/locales/en.yml
           Reading: _data/locales/ar.yml
           Reading: _data/locales/bg-BG.yml
           Reading: _data/locales/ca-ES.yml
           Reading: _data/locales/cs-CZ.yml
           Reading: _data/locales/da-DK.yml
           Reading: _data/locales/de-DE.yml
           Reading: _data/locales/dv‑MV.yml
           Reading: _data/locales/el-GR.yml
           Reading: _data/locales/en.yml
           Reading: _data/locales/es-ES.yml
           Reading: _data/locales/fa-IR.yml
           Reading: _data/locales/fi-FI.yml
           Reading: _data/locales/fr-FR.yml
           Reading: _data/locales/hu-HU.yml
           Reading: _data/locales/id-ID.yml
           Reading: _data/locales/it-IT.yml
           Reading: _data/locales/ja-JP.yml
           Reading: _data/locales/ko-KR.yml
           Reading: _data/locales/ku-IQ.yml
           Reading: _data/locales/my-MM.yml
           Reading: _data/locales/nl-NL.yml
           Reading: _data/locales/ps‑AF.yml
           Reading: _data/locales/pt-BR.yml
           Reading: _data/locales/ru-RU.yml
           Reading: _data/locales/sl-SI.yml
           Reading: _data/locales/sv-SE.yml
           Reading: _data/locales/th.yml
           Reading: _data/locales/tr-TR.yml
           Reading: _data/locales/uk-UA.yml
           Reading: _data/locales/ur-PK.yml
           Reading: _data/locales/vi-VN.yml
           Reading: _data/locales/zh-CN.yml
           Reading: _data/locales/zh-TW.yml
           Reading: _data/origin/basic.yml
           Reading: _data/origin/cors.yml
        Generating: Jekyll::Archives::Archives finished in 0.002860292 seconds.
           Reading: index.html
           Reading: index.html
           Reading: index.html
        Generating: Jekyll::Paginate::Pagination finished in 0.002353764 seconds.
        Generating: Jekyll::JekyllSitemap finished in 0.001279816 seconds.
         Rendering: _posts/2023-10-15-Post 0.md
  Pre-Render Hooks: _posts/2023-10-15-Post 0.md
  Rendering Markup: _posts/2023-10-15-Post 0.md
Post-Convert Hooks: _posts/2023-10-15-Post 0.md
  Rendering Layout: _posts/2023-10-15-Post 0.md
         Rendering: _posts/2023-10-15-Post 0.md/#excerpt
  Pre-Render Hooks: _posts/2023-10-15-Post 0.md/#excerpt
  Rendering Markup: _posts/2023-10-15-Post 0.md/#excerpt
Post-Convert Hooks: _posts/2023-10-15-Post 0.md/#excerpt
Include cache miss: /workspaces/otsecverse.github.io/_includes/favicons.html
Include cache miss: /workspaces/otsecverse.github.io/_includes/update-list.html
Include cache miss: /workspaces/otsecverse.github.io/_includes/trending-tags.html
Include cache miss: /workspaces/otsecverse.github.io/_includes/footer.html
Include cache miss: /workspaces/otsecverse.github.io/_includes/search-results.html
Include cache miss: /workspaces/otsecverse.github.io/_includes/trending-tags.html
Include cache miss: /workspaces/otsecverse.github.io/_includes/notification.html
Include cache miss: /workspaces/otsecverse.github.io/_includes/search-loader.html
         Rendering: _posts/2023-10-22-Post 1.md
  Pre-Render Hooks: _posts/2023-10-22-Post 1.md
  Rendering Markup: _posts/2023-10-22-Post 1.md
Post-Convert Hooks: _posts/2023-10-22-Post 1.md
  Rendering Layout: _posts/2023-10-22-Post 1.md
         Rendering: _posts/2023-10-22-Post 1.md/#excerpt
  Pre-Render Hooks: _posts/2023-10-22-Post 1.md/#excerpt
  Rendering Markup: _posts/2023-10-22-Post 1.md/#excerpt
Post-Convert Hooks: _posts/2023-10-22-Post 1.md/#excerpt
 Include cache hit: /workspaces/otsecverse.github.io/_includes/favicons.html
 Include cache hit: /workspaces/otsecverse.github.io/_includes/update-list.html
 Include cache hit: /workspaces/otsecverse.github.io/_includes/trending-tags.html
 Include cache hit: /workspaces/otsecverse.github.io/_includes/footer.html
 Include cache hit: /workspaces/otsecverse.github.io/_includes/search-results.html
 Include cache hit: /workspaces/otsecverse.github.io/_includes/notification.html
 Include cache hit: /workspaces/otsecverse.github.io/_includes/search-loader.html
         Rendering: _posts/2023-10-29-Post 2.md
  Pre-Render Hooks: _posts/2023-10-29-Post 2.md
  Rendering Markup: _posts/2023-10-29-Post 2.md
Post-Convert Hooks: _posts/2023-10-29-Post 2.md
  Rendering Layout: _posts/2023-10-29-Post 2.md
         Rendering: _posts/2023-10-29-Post 2.md/#excerpt
  Pre-Render Hooks: _posts/2023-10-29-Post 2.md/#excerpt
  Rendering Markup: _posts/2023-10-29-Post 2.md/#excerpt
Post-Convert Hooks: _posts/2023-10-29-Post 2.md/#excerpt
 Include cache hit: /workspaces/otsecverse.github.io/_includes/favicons.html
 Include cache hit: /workspaces/otsecverse.github.io/_includes/update-list.html
 Include cache hit: /workspaces/otsecverse.github.io/_includes/trending-tags.html
 Include cache hit: /workspaces/otsecverse.github.io/_includes/footer.html
 Include cache hit: /workspaces/otsecverse.github.io/_includes/search-results.html
 Include cache hit: /workspaces/otsecverse.github.io/_includes/notification.html
 Include cache hit: /workspaces/otsecverse.github.io/_includes/search-loader.html
         Rendering: _posts/2023-11-05-Post 3.md
  Pre-Render Hooks: _posts/2023-11-05-Post 3.md
  Rendering Markup: _posts/2023-11-05-Post 3.md
Post-Convert Hooks: _posts/2023-11-05-Post 3.md
  Rendering Layout: _posts/2023-11-05-Post 3.md
         Rendering: _posts/2023-11-05-Post 3.md/#excerpt
  Pre-Render Hooks: _posts/2023-11-05-Post 3.md/#excerpt
  Rendering Markup: _posts/2023-11-05-Post 3.md/#excerpt
Post-Convert Hooks: _posts/2023-11-05-Post 3.md/#excerpt
 Include cache hit: /workspaces/otsecverse.github.io/_includes/favicons.html
 Include cache hit: /workspaces/otsecverse.github.io/_includes/update-list.html
 Include cache hit: /workspaces/otsecverse.github.io/_includes/trending-tags.html
 Include cache hit: /workspaces/otsecverse.github.io/_includes/footer.html
 Include cache hit: /workspaces/otsecverse.github.io/_includes/search-results.html
 Include cache hit: /workspaces/otsecverse.github.io/_includes/notification.html
 Include cache hit: /workspaces/otsecverse.github.io/_includes/search-loader.html
         Rendering: _posts/2023-11-12-Post 4.md
  Pre-Render Hooks: _posts/2023-11-12-Post 4.md
  Rendering Markup: _posts/2023-11-12-Post 4.md
Post-Convert Hooks: _posts/2023-11-12-Post 4.md
  Rendering Layout: _posts/2023-11-12-Post 4.md
         Rendering: _posts/2023-11-12-Post 4.md/#excerpt
  Pre-Render Hooks: _posts/2023-11-12-Post 4.md/#excerpt
  Rendering Markup: _posts/2023-11-12-Post 4.md/#excerpt
Post-Convert Hooks: _posts/2023-11-12-Post 4.md/#excerpt
 Include cache hit: /workspaces/otsecverse.github.io/_includes/favicons.html
 Include cache hit: /workspaces/otsecverse.github.io/_includes/update-list.html
 Include cache hit: /workspaces/otsecverse.github.io/_includes/trending-tags.html
 Include cache hit: /workspaces/otsecverse.github.io/_includes/footer.html
 Include cache hit: /workspaces/otsecverse.github.io/_includes/search-results.html
 Include cache hit: /workspaces/otsecverse.github.io/_includes/notification.html
 Include cache hit: /workspaces/otsecverse.github.io/_includes/search-loader.html
         Rendering: _posts/2023-11-19-Post 5.md
  Pre-Render Hooks: _posts/2023-11-19-Post 5.md
  Rendering Markup: _posts/2023-11-19-Post 5.md
Post-Convert Hooks: _posts/2023-11-19-Post 5.md
  Rendering Layout: _posts/2023-11-19-Post 5.md
         Rendering: _posts/2023-11-19-Post 5.md/#excerpt
  Pre-Render Hooks: _posts/2023-11-19-Post 5.md/#excerpt
  Rendering Markup: _posts/2023-11-19-Post 5.md/#excerpt
Post-Convert Hooks: _posts/2023-11-19-Post 5.md/#excerpt
 Include cache hit: /workspaces/otsecverse.github.io/_includes/favicons.html
 Include cache hit: /workspaces/otsecverse.github.io/_includes/update-list.html
 Include cache hit: /workspaces/otsecverse.github.io/_includes/trending-tags.html
 Include cache hit: /workspaces/otsecverse.github.io/_includes/footer.html
 Include cache hit: /workspaces/otsecverse.github.io/_includes/search-results.html
 Include cache hit: /workspaces/otsecverse.github.io/_includes/notification.html
 Include cache hit: /workspaces/otsecverse.github.io/_includes/search-loader.html
         Rendering: _posts/2023-11-26-Post 6.md
  Pre-Render Hooks: _posts/2023-11-26-Post 6.md
  Rendering Markup: _posts/2023-11-26-Post 6.md
Post-Convert Hooks: _posts/2023-11-26-Post 6.md
  Rendering Layout: _posts/2023-11-26-Post 6.md
         Rendering: _posts/2023-11-26-Post 6.md/#excerpt
  Pre-Render Hooks: _posts/2023-11-26-Post 6.md/#excerpt
  Rendering Markup: _posts/2023-11-26-Post 6.md/#excerpt
Post-Convert Hooks: _posts/2023-11-26-Post 6.md/#excerpt
 Include cache hit: /workspaces/otsecverse.github.io/_includes/favicons.html
 Include cache hit: /workspaces/otsecverse.github.io/_includes/update-list.html
 Include cache hit: /workspaces/otsecverse.github.io/_includes/trending-tags.html
 Include cache hit: /workspaces/otsecverse.github.io/_includes/footer.html
 Include cache hit: /workspaces/otsecverse.github.io/_includes/search-results.html
 Include cache hit: /workspaces/otsecverse.github.io/_includes/notification.html
 Include cache hit: /workspaces/otsecverse.github.io/_includes/search-loader.html
         Rendering: _posts/2023-12-09-Post 7.md
  Pre-Render Hooks: _posts/2023-12-09-Post 7.md
  Rendering Markup: _posts/2023-12-09-Post 7.md
Post-Convert Hooks: _posts/2023-12-09-Post 7.md
  Rendering Layout: _posts/2023-12-09-Post 7.md
         Rendering: _posts/2023-12-09-Post 7.md/#excerpt
  Pre-Render Hooks: _posts/2023-12-09-Post 7.md/#excerpt
  Rendering Markup: _posts/2023-12-09-Post 7.md/#excerpt
Post-Convert Hooks: _posts/2023-12-09-Post 7.md/#excerpt
 Include cache hit: /workspaces/otsecverse.github.io/_includes/favicons.html
 Include cache hit: /workspaces/otsecverse.github.io/_includes/update-list.html
 Include cache hit: /workspaces/otsecverse.github.io/_includes/trending-tags.html
 Include cache hit: /workspaces/otsecverse.github.io/_includes/footer.html
 Include cache hit: /workspaces/otsecverse.github.io/_includes/search-results.html
 Include cache hit: /workspaces/otsecverse.github.io/_includes/notification.html
 Include cache hit: /workspaces/otsecverse.github.io/_includes/search-loader.html
         Rendering: _posts/2023-12-25-Post 8.md
  Pre-Render Hooks: _posts/2023-12-25-Post 8.md
  Rendering Markup: _posts/2023-12-25-Post 8.md
Post-Convert Hooks: _posts/2023-12-25-Post 8.md
  Rendering Layout: _posts/2023-12-25-Post 8.md
         Rendering: _posts/2023-12-25-Post 8.md/#excerpt
  Pre-Render Hooks: _posts/2023-12-25-Post 8.md/#excerpt
  Rendering Markup: _posts/2023-12-25-Post 8.md/#excerpt
Post-Convert Hooks: _posts/2023-12-25-Post 8.md/#excerpt
 Include cache hit: /workspaces/otsecverse.github.io/_includes/favicons.html
 Include cache hit: /workspaces/otsecverse.github.io/_includes/update-list.html
 Include cache hit: /workspaces/otsecverse.github.io/_includes/trending-tags.html
 Include cache hit: /workspaces/otsecverse.github.io/_includes/footer.html
 Include cache hit: /workspaces/otsecverse.github.io/_includes/search-results.html
 Include cache hit: /workspaces/otsecverse.github.io/_includes/notification.html
 Include cache hit: /workspaces/otsecverse.github.io/_includes/search-loader.html
         Rendering: _posts/2024-01-14-Post 9.md
  Pre-Render Hooks: _posts/2024-01-14-Post 9.md
  Rendering Markup: _posts/2024-01-14-Post 9.md
Post-Convert Hooks: _posts/2024-01-14-Post 9.md
  Rendering Layout: _posts/2024-01-14-Post 9.md
         Rendering: _posts/2024-01-14-Post 9.md/#excerpt
  Pre-Render Hooks: _posts/2024-01-14-Post 9.md/#excerpt
  Rendering Markup: _posts/2024-01-14-Post 9.md/#excerpt
Post-Convert Hooks: _posts/2024-01-14-Post 9.md/#excerpt
 Include cache hit: /workspaces/otsecverse.github.io/_includes/favicons.html
 Include cache hit: /workspaces/otsecverse.github.io/_includes/update-list.html
 Include cache hit: /workspaces/otsecverse.github.io/_includes/trending-tags.html
 Include cache hit: /workspaces/otsecverse.github.io/_includes/footer.html
 Include cache hit: /workspaces/otsecverse.github.io/_includes/search-results.html
 Include cache hit: /workspaces/otsecverse.github.io/_includes/notification.html
 Include cache hit: /workspaces/otsecverse.github.io/_includes/search-loader.html
         Rendering: _posts/2024-01-22-Post 10.md
  Pre-Render Hooks: _posts/2024-01-22-Post 10.md
  Rendering Markup: _posts/2024-01-22-Post 10.md
Post-Convert Hooks: _posts/2024-01-22-Post 10.md
  Rendering Layout: _posts/2024-01-22-Post 10.md
         Rendering: _posts/2024-01-22-Post 10.md/#excerpt
  Pre-Render Hooks: _posts/2024-01-22-Post 10.md/#excerpt
  Rendering Markup: _posts/2024-01-22-Post 10.md/#excerpt
Post-Convert Hooks: _posts/2024-01-22-Post 10.md/#excerpt
 Include cache hit: /workspaces/otsecverse.github.io/_includes/favicons.html
 Include cache hit: /workspaces/otsecverse.github.io/_includes/update-list.html
 Include cache hit: /workspaces/otsecverse.github.io/_includes/trending-tags.html
 Include cache hit: /workspaces/otsecverse.github.io/_includes/footer.html
 Include cache hit: /workspaces/otsecverse.github.io/_includes/search-results.html
 Include cache hit: /workspaces/otsecverse.github.io/_includes/notification.html
 Include cache hit: /workspaces/otsecverse.github.io/_includes/search-loader.html
         Rendering: _posts/2024-01-30-Post 11.md
  Pre-Render Hooks: _posts/2024-01-30-Post 11.md
  Rendering Markup: _posts/2024-01-30-Post 11.md
Post-Convert Hooks: _posts/2024-01-30-Post 11.md
  Rendering Layout: _posts/2024-01-30-Post 11.md
         Rendering: _posts/2024-01-30-Post 11.md/#excerpt
  Pre-Render Hooks: _posts/2024-01-30-Post 11.md/#excerpt
  Rendering Markup: _posts/2024-01-30-Post 11.md/#excerpt
Post-Convert Hooks: _posts/2024-01-30-Post 11.md/#excerpt
 Include cache hit: /workspaces/otsecverse.github.io/_includes/favicons.html
 Include cache hit: /workspaces/otsecverse.github.io/_includes/update-list.html
 Include cache hit: /workspaces/otsecverse.github.io/_includes/trending-tags.html
 Include cache hit: /workspaces/otsecverse.github.io/_includes/footer.html
 Include cache hit: /workspaces/otsecverse.github.io/_includes/search-results.html
 Include cache hit: /workspaces/otsecverse.github.io/_includes/notification.html
 Include cache hit: /workspaces/otsecverse.github.io/_includes/search-loader.html
         Rendering: _posts/2024-02-05-Post 12.md
  Pre-Render Hooks: _posts/2024-02-05-Post 12.md
  Rendering Markup: _posts/2024-02-05-Post 12.md
Post-Convert Hooks: _posts/2024-02-05-Post 12.md
  Rendering Layout: _posts/2024-02-05-Post 12.md
         Rendering: _posts/2024-02-05-Post 12.md/#excerpt
  Pre-Render Hooks: _posts/2024-02-05-Post 12.md/#excerpt
  Rendering Markup: _posts/2024-02-05-Post 12.md/#excerpt
Post-Convert Hooks: _posts/2024-02-05-Post 12.md/#excerpt
 Include cache hit: /workspaces/otsecverse.github.io/_includes/favicons.html
 Include cache hit: /workspaces/otsecverse.github.io/_includes/update-list.html
 Include cache hit: /workspaces/otsecverse.github.io/_includes/trending-tags.html
 Include cache hit: /workspaces/otsecverse.github.io/_includes/footer.html
 Include cache hit: /workspaces/otsecverse.github.io/_includes/search-results.html
 Include cache hit: /workspaces/otsecverse.github.io/_includes/notification.html
 Include cache hit: /workspaces/otsecverse.github.io/_includes/search-loader.html
         Rendering: _posts/2024-02-25-Post 13.md
  Pre-Render Hooks: _posts/2024-02-25-Post 13.md
  Rendering Markup: _posts/2024-02-25-Post 13.md
Post-Convert Hooks: _posts/2024-02-25-Post 13.md
  Rendering Layout: _posts/2024-02-25-Post 13.md
         Rendering: _posts/2024-02-25-Post 13.md/#excerpt
  Pre-Render Hooks: _posts/2024-02-25-Post 13.md/#excerpt
  Rendering Markup: _posts/2024-02-25-Post 13.md/#excerpt
Post-Convert Hooks: _posts/2024-02-25-Post 13.md/#excerpt
 Include cache hit: /workspaces/otsecverse.github.io/_includes/favicons.html
 Include cache hit: /workspaces/otsecverse.github.io/_includes/update-list.html
 Include cache hit: /workspaces/otsecverse.github.io/_includes/trending-tags.html
 Include cache hit: /workspaces/otsecverse.github.io/_includes/footer.html
 Include cache hit: /workspaces/otsecverse.github.io/_includes/search-results.html
 Include cache hit: /workspaces/otsecverse.github.io/_includes/notification.html
 Include cache hit: /workspaces/otsecverse.github.io/_includes/search-loader.html
         Rendering: _posts/2024-03-10-Post 14.md
  Pre-Render Hooks: _posts/2024-03-10-Post 14.md
  Rendering Markup: _posts/2024-03-10-Post 14.md
Post-Convert Hooks: _posts/2024-03-10-Post 14.md
  Rendering Layout: _posts/2024-03-10-Post 14.md
         Rendering: _posts/2024-03-10-Post 14.md/#excerpt
  Pre-Render Hooks: _posts/2024-03-10-Post 14.md/#excerpt
  Rendering Markup: _posts/2024-03-10-Post 14.md/#excerpt
Post-Convert Hooks: _posts/2024-03-10-Post 14.md/#excerpt
 Include cache hit: /workspaces/otsecverse.github.io/_includes/favicons.html
 Include cache hit: /workspaces/otsecverse.github.io/_includes/update-list.html
 Include cache hit: /workspaces/otsecverse.github.io/_includes/trending-tags.html
 Include cache hit: /workspaces/otsecverse.github.io/_includes/footer.html
 Include cache hit: /workspaces/otsecverse.github.io/_includes/search-results.html
 Include cache hit: /workspaces/otsecverse.github.io/_includes/notification.html
 Include cache hit: /workspaces/otsecverse.github.io/_includes/search-loader.html
         Rendering: _posts/2024-03-31-Post 15.md
  Pre-Render Hooks: _posts/2024-03-31-Post 15.md
  Rendering Markup: _posts/2024-03-31-Post 15.md
Post-Convert Hooks: _posts/2024-03-31-Post 15.md
  Rendering Layout: _posts/2024-03-31-Post 15.md
         Rendering: _posts/2024-03-31-Post 15.md/#excerpt
  Pre-Render Hooks: _posts/2024-03-31-Post 15.md/#excerpt
  Rendering Markup: _posts/2024-03-31-Post 15.md/#excerpt
Post-Convert Hooks: _posts/2024-03-31-Post 15.md/#excerpt
 Include cache hit: /workspaces/otsecverse.github.io/_includes/favicons.html
 Include cache hit: /workspaces/otsecverse.github.io/_includes/update-list.html
 Include cache hit: /workspaces/otsecverse.github.io/_includes/trending-tags.html
 Include cache hit: /workspaces/otsecverse.github.io/_includes/footer.html
 Include cache hit: /workspaces/otsecverse.github.io/_includes/search-results.html
 Include cache hit: /workspaces/otsecverse.github.io/_includes/notification.html
 Include cache hit: /workspaces/otsecverse.github.io/_includes/search-loader.html
         Rendering: _posts/2024-04-07-Post 16.md
  Pre-Render Hooks: _posts/2024-04-07-Post 16.md
  Rendering Markup: _posts/2024-04-07-Post 16.md
Post-Convert Hooks: _posts/2024-04-07-Post 16.md
  Rendering Layout: _posts/2024-04-07-Post 16.md
         Rendering: _posts/2024-04-07-Post 16.md/#excerpt
  Pre-Render Hooks: _posts/2024-04-07-Post 16.md/#excerpt
  Rendering Markup: _posts/2024-04-07-Post 16.md/#excerpt
Post-Convert Hooks: _posts/2024-04-07-Post 16.md/#excerpt
 Include cache hit: /workspaces/otsecverse.github.io/_includes/favicons.html
 Include cache hit: /workspaces/otsecverse.github.io/_includes/update-list.html
 Include cache hit: /workspaces/otsecverse.github.io/_includes/trending-tags.html
 Include cache hit: /workspaces/otsecverse.github.io/_includes/footer.html
 Include cache hit: /workspaces/otsecverse.github.io/_includes/search-results.html
 Include cache hit: /workspaces/otsecverse.github.io/_includes/notification.html
 Include cache hit: /workspaces/otsecverse.github.io/_includes/search-loader.html
         Rendering: _posts/2024-05-02-Post 17.md
  Pre-Render Hooks: _posts/2024-05-02-Post 17.md
  Rendering Markup: _posts/2024-05-02-Post 17.md
Post-Convert Hooks: _posts/2024-05-02-Post 17.md
  Rendering Layout: _posts/2024-05-02-Post 17.md
         Rendering: _posts/2024-05-02-Post 17.md/#excerpt
  Pre-Render Hooks: _posts/2024-05-02-Post 17.md/#excerpt
  Rendering Markup: _posts/2024-05-02-Post 17.md/#excerpt
Post-Convert Hooks: _posts/2024-05-02-Post 17.md/#excerpt
 Include cache hit: /workspaces/otsecverse.github.io/_includes/favicons.html
 Include cache hit: /workspaces/otsecverse.github.io/_includes/update-list.html
 Include cache hit: /workspaces/otsecverse.github.io/_includes/trending-tags.html
 Include cache hit: /workspaces/otsecverse.github.io/_includes/footer.html
 Include cache hit: /workspaces/otsecverse.github.io/_includes/search-results.html
 Include cache hit: /workspaces/otsecverse.github.io/_includes/notification.html
 Include cache hit: /workspaces/otsecverse.github.io/_includes/search-loader.html
         Rendering: _posts/2024-05-14-Post 18.md
  Pre-Render Hooks: _posts/2024-05-14-Post 18.md
  Rendering Markup: _posts/2024-05-14-Post 18.md
Post-Convert Hooks: _posts/2024-05-14-Post 18.md
  Rendering Layout: _posts/2024-05-14-Post 18.md
         Rendering: _posts/2024-05-14-Post 18.md/#excerpt
  Pre-Render Hooks: _posts/2024-05-14-Post 18.md/#excerpt
  Rendering Markup: _posts/2024-05-14-Post 18.md/#excerpt
Post-Convert Hooks: _posts/2024-05-14-Post 18.md/#excerpt
 Include cache hit: /workspaces/otsecverse.github.io/_includes/favicons.html
 Include cache hit: /workspaces/otsecverse.github.io/_includes/update-list.html
 Include cache hit: /workspaces/otsecverse.github.io/_includes/trending-tags.html
 Include cache hit: /workspaces/otsecverse.github.io/_includes/footer.html
 Include cache hit: /workspaces/otsecverse.github.io/_includes/search-results.html
 Include cache hit: /workspaces/otsecverse.github.io/_includes/notification.html
 Include cache hit: /workspaces/otsecverse.github.io/_includes/search-loader.html
         Rendering: _posts/2024-05-26-Post 19.md
  Pre-Render Hooks: _posts/2024-05-26-Post 19.md
  Rendering Markup: _posts/2024-05-26-Post 19.md
Post-Convert Hooks: _posts/2024-05-26-Post 19.md
  Rendering Layout: _posts/2024-05-26-Post 19.md
         Rendering: _posts/2024-05-26-Post 19.md/#excerpt
  Pre-Render Hooks: _posts/2024-05-26-Post 19.md/#excerpt
  Rendering Markup: _posts/2024-05-26-Post 19.md/#excerpt
Post-Convert Hooks: _posts/2024-05-26-Post 19.md/#excerpt
 Include cache hit: /workspaces/otsecverse.github.io/_includes/favicons.html
 Include cache hit: /workspaces/otsecverse.github.io/_includes/update-list.html
 Include cache hit: /workspaces/otsecverse.github.io/_includes/trending-tags.html
 Include cache hit: /workspaces/otsecverse.github.io/_includes/footer.html
 Include cache hit: /workspaces/otsecverse.github.io/_includes/search-results.html
 Include cache hit: /workspaces/otsecverse.github.io/_includes/notification.html
 Include cache hit: /workspaces/otsecverse.github.io/_includes/search-loader.html
         Rendering: _posts/2024-06-15-Post 20.md
  Pre-Render Hooks: _posts/2024-06-15-Post 20.md
  Rendering Markup: _posts/2024-06-15-Post 20.md
Post-Convert Hooks: _posts/2024-06-15-Post 20.md
  Rendering Layout: _posts/2024-06-15-Post 20.md
         Rendering: _posts/2024-06-15-Post 20.md/#excerpt
  Pre-Render Hooks: _posts/2024-06-15-Post 20.md/#excerpt
  Rendering Markup: _posts/2024-06-15-Post 20.md/#excerpt
Post-Convert Hooks: _posts/2024-06-15-Post 20.md/#excerpt
 Include cache hit: /workspaces/otsecverse.github.io/_includes/favicons.html
 Include cache hit: /workspaces/otsecverse.github.io/_includes/update-list.html
 Include cache hit: /workspaces/otsecverse.github.io/_includes/trending-tags.html
 Include cache hit: /workspaces/otsecverse.github.io/_includes/footer.html
 Include cache hit: /workspaces/otsecverse.github.io/_includes/search-results.html
 Include cache hit: /workspaces/otsecverse.github.io/_includes/notification.html
 Include cache hit: /workspaces/otsecverse.github.io/_includes/search-loader.html
         Rendering: _posts/2024-06-29-Post 21.md
  Pre-Render Hooks: _posts/2024-06-29-Post 21.md
  Rendering Markup: _posts/2024-06-29-Post 21.md
Post-Convert Hooks: _posts/2024-06-29-Post 21.md
  Rendering Layout: _posts/2024-06-29-Post 21.md
         Rendering: _posts/2024-06-29-Post 21.md/#excerpt
  Pre-Render Hooks: _posts/2024-06-29-Post 21.md/#excerpt
  Rendering Markup: _posts/2024-06-29-Post 21.md/#excerpt
Post-Convert Hooks: _posts/2024-06-29-Post 21.md/#excerpt
 Include cache hit: /workspaces/otsecverse.github.io/_includes/favicons.html
 Include cache hit: /workspaces/otsecverse.github.io/_includes/update-list.html
 Include cache hit: /workspaces/otsecverse.github.io/_includes/trending-tags.html
 Include cache hit: /workspaces/otsecverse.github.io/_includes/footer.html
 Include cache hit: /workspaces/otsecverse.github.io/_includes/search-results.html
 Include cache hit: /workspaces/otsecverse.github.io/_includes/notification.html
 Include cache hit: /workspaces/otsecverse.github.io/_includes/search-loader.html
         Rendering: _posts/2024-07-07-Post 22.md
  Pre-Render Hooks: _posts/2024-07-07-Post 22.md
  Rendering Markup: _posts/2024-07-07-Post 22.md
Post-Convert Hooks: _posts/2024-07-07-Post 22.md
  Rendering Layout: _posts/2024-07-07-Post 22.md
         Rendering: _posts/2024-07-07-Post 22.md/#excerpt
  Pre-Render Hooks: _posts/2024-07-07-Post 22.md/#excerpt
  Rendering Markup: _posts/2024-07-07-Post 22.md/#excerpt
Post-Convert Hooks: _posts/2024-07-07-Post 22.md/#excerpt
 Include cache hit: /workspaces/otsecverse.github.io/_includes/favicons.html
 Include cache hit: /workspaces/otsecverse.github.io/_includes/update-list.html
 Include cache hit: /workspaces/otsecverse.github.io/_includes/trending-tags.html
 Include cache hit: /workspaces/otsecverse.github.io/_includes/footer.html
 Include cache hit: /workspaces/otsecverse.github.io/_includes/search-results.html
 Include cache hit: /workspaces/otsecverse.github.io/_includes/notification.html
 Include cache hit: /workspaces/otsecverse.github.io/_includes/search-loader.html
         Rendering: _posts/2024-07-14-Post 23.md
  Pre-Render Hooks: _posts/2024-07-14-Post 23.md
  Rendering Markup: _posts/2024-07-14-Post 23.md
Post-Convert Hooks: _posts/2024-07-14-Post 23.md
  Rendering Layout: _posts/2024-07-14-Post 23.md
         Rendering: _posts/2024-07-14-Post 23.md/#excerpt
  Pre-Render Hooks: _posts/2024-07-14-Post 23.md/#excerpt
  Rendering Markup: _posts/2024-07-14-Post 23.md/#excerpt
Post-Convert Hooks: _posts/2024-07-14-Post 23.md/#excerpt
 Include cache hit: /workspaces/otsecverse.github.io/_includes/favicons.html
 Include cache hit: /workspaces/otsecverse.github.io/_includes/update-list.html
 Include cache hit: /workspaces/otsecverse.github.io/_includes/trending-tags.html
 Include cache hit: /workspaces/otsecverse.github.io/_includes/footer.html
 Include cache hit: /workspaces/otsecverse.github.io/_includes/search-results.html
 Include cache hit: /workspaces/otsecverse.github.io/_includes/notification.html
 Include cache hit: /workspaces/otsecverse.github.io/_includes/search-loader.html
         Rendering: _posts/2024-08-01-Post 24.md
  Pre-Render Hooks: _posts/2024-08-01-Post 24.md
  Rendering Markup: _posts/2024-08-01-Post 24.md
Post-Convert Hooks: _posts/2024-08-01-Post 24.md
  Rendering Layout: _posts/2024-08-01-Post 24.md
         Rendering: _posts/2024-08-01-Post 24.md/#excerpt
  Pre-Render Hooks: _posts/2024-08-01-Post 24.md/#excerpt
  Rendering Markup: _posts/2024-08-01-Post 24.md/#excerpt
Post-Convert Hooks: _posts/2024-08-01-Post 24.md/#excerpt
 Include cache hit: /workspaces/otsecverse.github.io/_includes/favicons.html
 Include cache hit: /workspaces/otsecverse.github.io/_includes/update-list.html
 Include cache hit: /workspaces/otsecverse.github.io/_includes/trending-tags.html
 Include cache hit: /workspaces/otsecverse.github.io/_includes/footer.html
 Include cache hit: /workspaces/otsecverse.github.io/_includes/search-results.html
 Include cache hit: /workspaces/otsecverse.github.io/_includes/notification.html
 Include cache hit: /workspaces/otsecverse.github.io/_includes/search-loader.html
         Rendering: _posts/2024-08-25-Post 25.md
  Pre-Render Hooks: _posts/2024-08-25-Post 25.md
  Rendering Markup: _posts/2024-08-25-Post 25.md
Post-Convert Hooks: _posts/2024-08-25-Post 25.md
  Rendering Layout: _posts/2024-08-25-Post 25.md
         Rendering: _posts/2024-08-25-Post 25.md/#excerpt
  Pre-Render Hooks: _posts/2024-08-25-Post 25.md/#excerpt
  Rendering Markup: _posts/2024-08-25-Post 25.md/#excerpt
Post-Convert Hooks: _posts/2024-08-25-Post 25.md/#excerpt
 Include cache hit: /workspaces/otsecverse.github.io/_includes/favicons.html
 Include cache hit: /workspaces/otsecverse.github.io/_includes/update-list.html
 Include cache hit: /workspaces/otsecverse.github.io/_includes/trending-tags.html
 Include cache hit: /workspaces/otsecverse.github.io/_includes/footer.html
 Include cache hit: /workspaces/otsecverse.github.io/_includes/search-results.html
 Include cache hit: /workspaces/otsecverse.github.io/_includes/notification.html
 Include cache hit: /workspaces/otsecverse.github.io/_includes/search-loader.html
         Rendering: _posts/2024-09-14-Post 26.md
  Pre-Render Hooks: _posts/2024-09-14-Post 26.md
  Rendering Markup: _posts/2024-09-14-Post 26.md
Post-Convert Hooks: _posts/2024-09-14-Post 26.md
  Rendering Layout: _posts/2024-09-14-Post 26.md
         Rendering: _posts/2024-09-14-Post 26.md/#excerpt
  Pre-Render Hooks: _posts/2024-09-14-Post 26.md/#excerpt
  Rendering Markup: _posts/2024-09-14-Post 26.md/#excerpt
Post-Convert Hooks: _posts/2024-09-14-Post 26.md/#excerpt
 Include cache hit: /workspaces/otsecverse.github.io/_includes/favicons.html
 Include cache hit: /workspaces/otsecverse.github.io/_includes/update-list.html
 Include cache hit: /workspaces/otsecverse.github.io/_includes/trending-tags.html
 Include cache hit: /workspaces/otsecverse.github.io/_includes/footer.html
 Include cache hit: /workspaces/otsecverse.github.io/_includes/search-results.html
 Include cache hit: /workspaces/otsecverse.github.io/_includes/notification.html
 Include cache hit: /workspaces/otsecverse.github.io/_includes/search-loader.html
         Rendering: _posts/2024-09-29-Post 27.md
  Pre-Render Hooks: _posts/2024-09-29-Post 27.md
  Rendering Markup: _posts/2024-09-29-Post 27.md
Post-Convert Hooks: _posts/2024-09-29-Post 27.md
  Rendering Layout: _posts/2024-09-29-Post 27.md
         Rendering: _posts/2024-09-29-Post 27.md/#excerpt
  Pre-Render Hooks: _posts/2024-09-29-Post 27.md/#excerpt
  Rendering Markup: _posts/2024-09-29-Post 27.md/#excerpt
Post-Convert Hooks: _posts/2024-09-29-Post 27.md/#excerpt
 Include cache hit: /workspaces/otsecverse.github.io/_includes/favicons.html
 Include cache hit: /workspaces/otsecverse.github.io/_includes/update-list.html
 Include cache hit: /workspaces/otsecverse.github.io/_includes/trending-tags.html
 Include cache hit: /workspaces/otsecverse.github.io/_includes/footer.html
 Include cache hit: /workspaces/otsecverse.github.io/_includes/search-results.html
 Include cache hit: /workspaces/otsecverse.github.io/_includes/notification.html
 Include cache hit: /workspaces/otsecverse.github.io/_includes/search-loader.html
         Rendering: _posts/2024-10-19-Post 28.md
  Pre-Render Hooks: _posts/2024-10-19-Post 28.md
  Rendering Markup: _posts/2024-10-19-Post 28.md
Post-Convert Hooks: _posts/2024-10-19-Post 28.md
  Rendering Layout: _posts/2024-10-19-Post 28.md
         Rendering: _posts/2024-10-19-Post 28.md/#excerpt
  Pre-Render Hooks: _posts/2024-10-19-Post 28.md/#excerpt
  Rendering Markup: _posts/2024-10-19-Post 28.md/#excerpt
Post-Convert Hooks: _posts/2024-10-19-Post 28.md/#excerpt
 Include cache hit: /workspaces/otsecverse.github.io/_includes/favicons.html
 Include cache hit: /workspaces/otsecverse.github.io/_includes/update-list.html
 Include cache hit: /workspaces/otsecverse.github.io/_includes/trending-tags.html
 Include cache hit: /workspaces/otsecverse.github.io/_includes/footer.html
 Include cache hit: /workspaces/otsecverse.github.io/_includes/search-results.html
 Include cache hit: /workspaces/otsecverse.github.io/_includes/notification.html
 Include cache hit: /workspaces/otsecverse.github.io/_includes/search-loader.html
         Rendering: _posts/2024-11-06-Post 29.md
  Pre-Render Hooks: _posts/2024-11-06-Post 29.md
  Rendering Markup: _posts/2024-11-06-Post 29.md
Post-Convert Hooks: _posts/2024-11-06-Post 29.md
  Rendering Layout: _posts/2024-11-06-Post 29.md
         Rendering: _posts/2024-11-06-Post 29.md/#excerpt
  Pre-Render Hooks: _posts/2024-11-06-Post 29.md/#excerpt
  Rendering Markup: _posts/2024-11-06-Post 29.md/#excerpt
Post-Convert Hooks: _posts/2024-11-06-Post 29.md/#excerpt
 Include cache hit: /workspaces/otsecverse.github.io/_includes/favicons.html
 Include cache hit: /workspaces/otsecverse.github.io/_includes/update-list.html
 Include cache hit: /workspaces/otsecverse.github.io/_includes/trending-tags.html
 Include cache hit: /workspaces/otsecverse.github.io/_includes/footer.html
 Include cache hit: /workspaces/otsecverse.github.io/_includes/search-results.html
 Include cache hit: /workspaces/otsecverse.github.io/_includes/notification.html
 Include cache hit: /workspaces/otsecverse.github.io/_includes/search-loader.html
         Rendering: _posts/2024-11-15-Post 30.md
  Pre-Render Hooks: _posts/2024-11-15-Post 30.md
  Rendering Markup: _posts/2024-11-15-Post 30.md
Post-Convert Hooks: _posts/2024-11-15-Post 30.md
  Rendering Layout: _posts/2024-11-15-Post 30.md
         Rendering: _posts/2024-11-15-Post 30.md/#excerpt
  Pre-Render Hooks: _posts/2024-11-15-Post 30.md/#excerpt
  Rendering Markup: _posts/2024-11-15-Post 30.md/#excerpt
Post-Convert Hooks: _posts/2024-11-15-Post 30.md/#excerpt
 Include cache hit: /workspaces/otsecverse.github.io/_includes/favicons.html
 Include cache hit: /workspaces/otsecverse.github.io/_includes/update-list.html
 Include cache hit: /workspaces/otsecverse.github.io/_includes/trending-tags.html
 Include cache hit: /workspaces/otsecverse.github.io/_includes/footer.html
 Include cache hit: /workspaces/otsecverse.github.io/_includes/search-results.html
 Include cache hit: /workspaces/otsecverse.github.io/_includes/notification.html
 Include cache hit: /workspaces/otsecverse.github.io/_includes/search-loader.html
         Rendering: _posts/2024-11-23-Post 31.md
  Pre-Render Hooks: _posts/2024-11-23-Post 31.md
  Rendering Markup: _posts/2024-11-23-Post 31.md
Post-Convert Hooks: _posts/2024-11-23-Post 31.md
  Rendering Layout: _posts/2024-11-23-Post 31.md
         Rendering: _posts/2024-11-23-Post 31.md/#excerpt
  Pre-Render Hooks: _posts/2024-11-23-Post 31.md/#excerpt
  Rendering Markup: _posts/2024-11-23-Post 31.md/#excerpt
Post-Convert Hooks: _posts/2024-11-23-Post 31.md/#excerpt
 Include cache hit: /workspaces/otsecverse.github.io/_includes/favicons.html
 Include cache hit: /workspaces/otsecverse.github.io/_includes/update-list.html
 Include cache hit: /workspaces/otsecverse.github.io/_includes/trending-tags.html
 Include cache hit: /workspaces/otsecverse.github.io/_includes/footer.html
 Include cache hit: /workspaces/otsecverse.github.io/_includes/search-results.html
 Include cache hit: /workspaces/otsecverse.github.io/_includes/notification.html
 Include cache hit: /workspaces/otsecverse.github.io/_includes/search-loader.html
         Rendering: _posts/2024-12-01-Post 32.md
  Pre-Render Hooks: _posts/2024-12-01-Post 32.md
  Rendering Markup: _posts/2024-12-01-Post 32.md
Post-Convert Hooks: _posts/2024-12-01-Post 32.md
  Rendering Layout: _posts/2024-12-01-Post 32.md
         Rendering: _posts/2024-12-01-Post 32.md/#excerpt
  Pre-Render Hooks: _posts/2024-12-01-Post 32.md/#excerpt
  Rendering Markup: _posts/2024-12-01-Post 32.md/#excerpt
Post-Convert Hooks: _posts/2024-12-01-Post 32.md/#excerpt
 Include cache hit: /workspaces/otsecverse.github.io/_includes/favicons.html
 Include cache hit: /workspaces/otsecverse.github.io/_includes/update-list.html
 Include cache hit: /workspaces/otsecverse.github.io/_includes/trending-tags.html
 Include cache hit: /workspaces/otsecverse.github.io/_includes/footer.html
 Include cache hit: /workspaces/otsecverse.github.io/_includes/search-results.html
 Include cache hit: /workspaces/otsecverse.github.io/_includes/notification.html
 Include cache hit: /workspaces/otsecverse.github.io/_includes/search-loader.html
         Rendering: _posts/2024-12-21-Post 33.md
  Pre-Render Hooks: _posts/2024-12-21-Post 33.md
  Rendering Markup: _posts/2024-12-21-Post 33.md
Post-Convert Hooks: _posts/2024-12-21-Post 33.md
  Rendering Layout: _posts/2024-12-21-Post 33.md
         Rendering: _posts/2024-12-21-Post 33.md/#excerpt
  Pre-Render Hooks: _posts/2024-12-21-Post 33.md/#excerpt
  Rendering Markup: _posts/2024-12-21-Post 33.md/#excerpt
Post-Convert Hooks: _posts/2024-12-21-Post 33.md/#excerpt
 Include cache hit: /workspaces/otsecverse.github.io/_includes/favicons.html
 Include cache hit: /workspaces/otsecverse.github.io/_includes/update-list.html
 Include cache hit: /workspaces/otsecverse.github.io/_includes/trending-tags.html
 Include cache hit: /workspaces/otsecverse.github.io/_includes/footer.html
 Include cache hit: /workspaces/otsecverse.github.io/_includes/search-results.html
 Include cache hit: /workspaces/otsecverse.github.io/_includes/notification.html
 Include cache hit: /workspaces/otsecverse.github.io/_includes/search-loader.html
         Rendering: _posts/2025-01-05-Post 34.md
  Pre-Render Hooks: _posts/2025-01-05-Post 34.md
  Rendering Markup: _posts/2025-01-05-Post 34.md
Post-Convert Hooks: _posts/2025-01-05-Post 34.md
  Rendering Layout: _posts/2025-01-05-Post 34.md
         Rendering: _posts/2025-01-05-Post 34.md/#excerpt
  Pre-Render Hooks: _posts/2025-01-05-Post 34.md/#excerpt
  Rendering Markup: _posts/2025-01-05-Post 34.md/#excerpt
Post-Convert Hooks: _posts/2025-01-05-Post 34.md/#excerpt
 Include cache hit: /workspaces/otsecverse.github.io/_includes/favicons.html
 Include cache hit: /workspaces/otsecverse.github.io/_includes/update-list.html
 Include cache hit: /workspaces/otsecverse.github.io/_includes/trending-tags.html
 Include cache hit: /workspaces/otsecverse.github.io/_includes/footer.html
 Include cache hit: /workspaces/otsecverse.github.io/_includes/search-results.html
 Include cache hit: /workspaces/otsecverse.github.io/_includes/notification.html
 Include cache hit: /workspaces/otsecverse.github.io/_includes/search-loader.html
         Rendering: _posts/2025-02-06-Post 35.md
  Pre-Render Hooks: _posts/2025-02-06-Post 35.md
  Rendering Markup: _posts/2025-02-06-Post 35.md
Post-Convert Hooks: _posts/2025-02-06-Post 35.md
  Rendering Layout: _posts/2025-02-06-Post 35.md
         Rendering: _posts/2025-02-06-Post 35.md/#excerpt
  Pre-Render Hooks: _posts/2025-02-06-Post 35.md/#excerpt
  Rendering Markup: _posts/2025-02-06-Post 35.md/#excerpt
Post-Convert Hooks: _posts/2025-02-06-Post 35.md/#excerpt
 Include cache hit: /workspaces/otsecverse.github.io/_includes/favicons.html
 Include cache hit: /workspaces/otsecverse.github.io/_includes/update-list.html
 Include cache hit: /workspaces/otsecverse.github.io/_includes/trending-tags.html
 Include cache hit: /workspaces/otsecverse.github.io/_includes/footer.html
 Include cache hit: /workspaces/otsecverse.github.io/_includes/search-results.html
 Include cache hit: /workspaces/otsecverse.github.io/_includes/notification.html
 Include cache hit: /workspaces/otsecverse.github.io/_includes/search-loader.html
         Rendering: _posts/2025-03-24-Post 36.md
  Pre-Render Hooks: _posts/2025-03-24-Post 36.md
  Rendering Markup: _posts/2025-03-24-Post 36.md
Post-Convert Hooks: _posts/2025-03-24-Post 36.md
  Rendering Layout: _posts/2025-03-24-Post 36.md
         Rendering: _posts/2025-03-24-Post 36.md/#excerpt
  Pre-Render Hooks: _posts/2025-03-24-Post 36.md/#excerpt
  Rendering Markup: _posts/2025-03-24-Post 36.md/#excerpt
Post-Convert Hooks: _posts/2025-03-24-Post 36.md/#excerpt
 Include cache hit: /workspaces/otsecverse.github.io/_includes/favicons.html
 Include cache hit: /workspaces/otsecverse.github.io/_includes/update-list.html
 Include cache hit: /workspaces/otsecverse.github.io/_includes/trending-tags.html
 Include cache hit: /workspaces/otsecverse.github.io/_includes/footer.html
 Include cache hit: /workspaces/otsecverse.github.io/_includes/search-results.html
 Include cache hit: /workspaces/otsecverse.github.io/_includes/notification.html
 Include cache hit: /workspaces/otsecverse.github.io/_includes/search-loader.html
         Rendering: _posts/2025-06-11-Post 37.md
  Pre-Render Hooks: _posts/2025-06-11-Post 37.md
  Rendering Markup: _posts/2025-06-11-Post 37.md
Post-Convert Hooks: _posts/2025-06-11-Post 37.md
  Rendering Layout: _posts/2025-06-11-Post 37.md
         Rendering: _posts/2025-06-11-Post 37.md/#excerpt
  Pre-Render Hooks: _posts/2025-06-11-Post 37.md/#excerpt
  Rendering Markup: _posts/2025-06-11-Post 37.md/#excerpt
Post-Convert Hooks: _posts/2025-06-11-Post 37.md/#excerpt
 Include cache hit: /workspaces/otsecverse.github.io/_includes/favicons.html
 Include cache hit: /workspaces/otsecverse.github.io/_includes/update-list.html
 Include cache hit: /workspaces/otsecverse.github.io/_includes/trending-tags.html
 Include cache hit: /workspaces/otsecverse.github.io/_includes/footer.html
 Include cache hit: /workspaces/otsecverse.github.io/_includes/search-results.html
 Include cache hit: /workspaces/otsecverse.github.io/_includes/notification.html
 Include cache hit: /workspaces/otsecverse.github.io/_includes/search-loader.html
         Rendering: _posts/2025-07-05-Post 38.md
  Pre-Render Hooks: _posts/2025-07-05-Post 38.md
  Rendering Markup: _posts/2025-07-05-Post 38.md
Post-Convert Hooks: _posts/2025-07-05-Post 38.md
  Rendering Layout: _posts/2025-07-05-Post 38.md
         Rendering: _posts/2025-07-05-Post 38.md/#excerpt
  Pre-Render Hooks: _posts/2025-07-05-Post 38.md/#excerpt
  Rendering Markup: _posts/2025-07-05-Post 38.md/#excerpt
Post-Convert Hooks: _posts/2025-07-05-Post 38.md/#excerpt
 Include cache hit: /workspaces/otsecverse.github.io/_includes/favicons.html
 Include cache hit: /workspaces/otsecverse.github.io/_includes/update-list.html
 Include cache hit: /workspaces/otsecverse.github.io/_includes/trending-tags.html
 Include cache hit: /workspaces/otsecverse.github.io/_includes/footer.html
 Include cache hit: /workspaces/otsecverse.github.io/_includes/search-results.html
 Include cache hit: /workspaces/otsecverse.github.io/_includes/notification.html
 Include cache hit: /workspaces/otsecverse.github.io/_includes/search-loader.html
         Rendering: _posts/2025-07-09-Post 39.md
  Pre-Render Hooks: _posts/2025-07-09-Post 39.md
  Rendering Markup: _posts/2025-07-09-Post 39.md
Post-Convert Hooks: _posts/2025-07-09-Post 39.md
  Rendering Layout: _posts/2025-07-09-Post 39.md
         Rendering: _posts/2025-07-09-Post 39.md/#excerpt
  Pre-Render Hooks: _posts/2025-07-09-Post 39.md/#excerpt
  Rendering Markup: _posts/2025-07-09-Post 39.md/#excerpt
Post-Convert Hooks: _posts/2025-07-09-Post 39.md/#excerpt
 Include cache hit: /workspaces/otsecverse.github.io/_includes/favicons.html
 Include cache hit: /workspaces/otsecverse.github.io/_includes/update-list.html
 Include cache hit: /workspaces/otsecverse.github.io/_includes/trending-tags.html
 Include cache hit: /workspaces/otsecverse.github.io/_includes/footer.html
 Include cache hit: /workspaces/otsecverse.github.io/_includes/search-results.html
 Include cache hit: /workspaces/otsecverse.github.io/_includes/notification.html
 Include cache hit: /workspaces/otsecverse.github.io/_includes/search-loader.html
         Rendering: _posts/2025-07-09-Post 40.md
  Pre-Render Hooks: _posts/2025-07-09-Post 40.md
  Rendering Markup: _posts/2025-07-09-Post 40.md
Post-Convert Hooks: _posts/2025-07-09-Post 40.md
  Rendering Layout: _posts/2025-07-09-Post 40.md
         Rendering: _posts/2025-07-09-Post 40.md/#excerpt
  Pre-Render Hooks: _posts/2025-07-09-Post 40.md/#excerpt
  Rendering Markup: _posts/2025-07-09-Post 40.md/#excerpt
Post-Convert Hooks: _posts/2025-07-09-Post 40.md/#excerpt
 Include cache hit: /workspaces/otsecverse.github.io/_includes/favicons.html
 Include cache hit: /workspaces/otsecverse.github.io/_includes/update-list.html
 Include cache hit: /workspaces/otsecverse.github.io/_includes/trending-tags.html
 Include cache hit: /workspaces/otsecverse.github.io/_includes/footer.html
 Include cache hit: /workspaces/otsecverse.github.io/_includes/search-results.html
 Include cache hit: /workspaces/otsecverse.github.io/_includes/notification.html
 Include cache hit: /workspaces/otsecverse.github.io/_includes/search-loader.html
         Rendering: _posts/2025-07-27-Post 41.md
  Pre-Render Hooks: _posts/2025-07-27-Post 41.md
  Rendering Markup: _posts/2025-07-27-Post 41.md
Post-Convert Hooks: _posts/2025-07-27-Post 41.md
  Rendering Layout: _posts/2025-07-27-Post 41.md
         Rendering: _posts/2025-07-27-Post 41.md/#excerpt
  Pre-Render Hooks: _posts/2025-07-27-Post 41.md/#excerpt
  Rendering Markup: _posts/2025-07-27-Post 41.md/#excerpt
Post-Convert Hooks: _posts/2025-07-27-Post 41.md/#excerpt
 Include cache hit: /workspaces/otsecverse.github.io/_includes/favicons.html
 Include cache hit: /workspaces/otsecverse.github.io/_includes/update-list.html
 Include cache hit: /workspaces/otsecverse.github.io/_includes/trending-tags.html
 Include cache hit: /workspaces/otsecverse.github.io/_includes/footer.html
 Include cache hit: /workspaces/otsecverse.github.io/_includes/search-results.html
 Include cache hit: /workspaces/otsecverse.github.io/_includes/notification.html
 Include cache hit: /workspaces/otsecverse.github.io/_includes/search-loader.html
         Rendering: _posts/2025-08-21-Post 42.md
  Pre-Render Hooks: _posts/2025-08-21-Post 42.md
  Rendering Markup: _posts/2025-08-21-Post 42.md
Post-Convert Hooks: _posts/2025-08-21-Post 42.md
  Rendering Layout: _posts/2025-08-21-Post 42.md
         Rendering: _posts/2025-08-21-Post 42.md/#excerpt
  Pre-Render Hooks: _posts/2025-08-21-Post 42.md/#excerpt
  Rendering Markup: _posts/2025-08-21-Post 42.md/#excerpt
Post-Convert Hooks: _posts/2025-08-21-Post 42.md/#excerpt
 Include cache hit: /workspaces/otsecverse.github.io/_includes/favicons.html
 Include cache hit: /workspaces/otsecverse.github.io/_includes/update-list.html
 Include cache hit: /workspaces/otsecverse.github.io/_includes/trending-tags.html
 Include cache hit: /workspaces/otsecverse.github.io/_includes/footer.html
 Include cache hit: /workspaces/otsecverse.github.io/_includes/search-results.html
 Include cache hit: /workspaces/otsecverse.github.io/_includes/notification.html
 Include cache hit: /workspaces/otsecverse.github.io/_includes/search-loader.html
         Rendering: _posts/2025-08-21-Post 43.md
  Pre-Render Hooks: _posts/2025-08-21-Post 43.md
  Rendering Markup: _posts/2025-08-21-Post 43.md
Post-Convert Hooks: _posts/2025-08-21-Post 43.md
  Rendering Layout: _posts/2025-08-21-Post 43.md
         Rendering: _posts/2025-08-21-Post 43.md/#excerpt
  Pre-Render Hooks: _posts/2025-08-21-Post 43.md/#excerpt
  Rendering Markup: _posts/2025-08-21-Post 43.md/#excerpt
Post-Convert Hooks: _posts/2025-08-21-Post 43.md/#excerpt
 Include cache hit: /workspaces/otsecverse.github.io/_includes/favicons.html
 Include cache hit: /workspaces/otsecverse.github.io/_includes/update-list.html
 Include cache hit: /workspaces/otsecverse.github.io/_includes/trending-tags.html
 Include cache hit: /workspaces/otsecverse.github.io/_includes/footer.html
 Include cache hit: /workspaces/otsecverse.github.io/_includes/search-results.html
 Include cache hit: /workspaces/otsecverse.github.io/_includes/notification.html
 Include cache hit: /workspaces/otsecverse.github.io/_includes/search-loader.html
         Rendering: _posts/2025-08-21-Post 44.md
  Pre-Render Hooks: _posts/2025-08-21-Post 44.md
  Rendering Markup: _posts/2025-08-21-Post 44.md
Post-Convert Hooks: _posts/2025-08-21-Post 44.md
  Rendering Layout: _posts/2025-08-21-Post 44.md
         Rendering: _posts/2025-08-21-Post 44.md/#excerpt
  Pre-Render Hooks: _posts/2025-08-21-Post 44.md/#excerpt
  Rendering Markup: _posts/2025-08-21-Post 44.md/#excerpt
Post-Convert Hooks: _posts/2025-08-21-Post 44.md/#excerpt
 Include cache hit: /workspaces/otsecverse.github.io/_includes/favicons.html
 Include cache hit: /workspaces/otsecverse.github.io/_includes/update-list.html
 Include cache hit: /workspaces/otsecverse.github.io/_includes/trending-tags.html
 Include cache hit: /workspaces/otsecverse.github.io/_includes/footer.html
 Include cache hit: /workspaces/otsecverse.github.io/_includes/search-results.html
 Include cache hit: /workspaces/otsecverse.github.io/_includes/notification.html
 Include cache hit: /workspaces/otsecverse.github.io/_includes/search-loader.html
         Rendering: _posts/2025-10-12-Post 45.md
  Pre-Render Hooks: _posts/2025-10-12-Post 45.md
  Rendering Markup: _posts/2025-10-12-Post 45.md
Post-Convert Hooks: _posts/2025-10-12-Post 45.md
  Rendering Layout: _posts/2025-10-12-Post 45.md
         Rendering: _posts/2025-10-12-Post 45.md/#excerpt
  Pre-Render Hooks: _posts/2025-10-12-Post 45.md/#excerpt
  Rendering Markup: _posts/2025-10-12-Post 45.md/#excerpt
Post-Convert Hooks: _posts/2025-10-12-Post 45.md/#excerpt
 Include cache hit: /workspaces/otsecverse.github.io/_includes/favicons.html
 Include cache hit: /workspaces/otsecverse.github.io/_includes/update-list.html
 Include cache hit: /workspaces/otsecverse.github.io/_includes/trending-tags.html
 Include cache hit: /workspaces/otsecverse.github.io/_includes/footer.html
 Include cache hit: /workspaces/otsecverse.github.io/_includes/search-results.html
 Include cache hit: /workspaces/otsecverse.github.io/_includes/notification.html
 Include cache hit: /workspaces/otsecverse.github.io/_includes/search-loader.html
         Rendering: _posts/2025-10-12-Post 46.md
  Pre-Render Hooks: _posts/2025-10-12-Post 46.md
  Rendering Markup: _posts/2025-10-12-Post 46.md
Post-Convert Hooks: _posts/2025-10-12-Post 46.md
  Rendering Layout: _posts/2025-10-12-Post 46.md
         Rendering: _posts/2025-10-12-Post 46.md/#excerpt
  Pre-Render Hooks: _posts/2025-10-12-Post 46.md/#excerpt
  Rendering Markup: _posts/2025-10-12-Post 46.md/#excerpt
Post-Convert Hooks: _posts/2025-10-12-Post 46.md/#excerpt
 Include cache hit: /workspaces/otsecverse.github.io/_includes/favicons.html
 Include cache hit: /workspaces/otsecverse.github.io/_includes/update-list.html
 Include cache hit: /workspaces/otsecverse.github.io/_includes/trending-tags.html
 Include cache hit: /workspaces/otsecverse.github.io/_includes/footer.html
 Include cache hit: /workspaces/otsecverse.github.io/_includes/search-results.html
 Include cache hit: /workspaces/otsecverse.github.io/_includes/notification.html
 Include cache hit: /workspaces/otsecverse.github.io/_includes/search-loader.html
         Rendering: _posts/2025-10-12-Post 47.md
  Pre-Render Hooks: _posts/2025-10-12-Post 47.md
  Rendering Markup: _posts/2025-10-12-Post 47.md
Post-Convert Hooks: _posts/2025-10-12-Post 47.md
  Rendering Layout: _posts/2025-10-12-Post 47.md
         Rendering: _posts/2025-10-12-Post 47.md/#excerpt
  Pre-Render Hooks: _posts/2025-10-12-Post 47.md/#excerpt
  Rendering Markup: _posts/2025-10-12-Post 47.md/#excerpt
Post-Convert Hooks: _posts/2025-10-12-Post 47.md/#excerpt
 Include cache hit: /workspaces/otsecverse.github.io/_includes/favicons.html
 Include cache hit: /workspaces/otsecverse.github.io/_includes/update-list.html
 Include cache hit: /workspaces/otsecverse.github.io/_includes/trending-tags.html
 Include cache hit: /workspaces/otsecverse.github.io/_includes/footer.html
 Include cache hit: /workspaces/otsecverse.github.io/_includes/search-results.html
 Include cache hit: /workspaces/otsecverse.github.io/_includes/notification.html
 Include cache hit: /workspaces/otsecverse.github.io/_includes/search-loader.html
         Rendering: _tabs/categories.md
  Pre-Render Hooks: _tabs/categories.md
  Rendering Markup: _tabs/categories.md
Post-Convert Hooks: _tabs/categories.md
  Rendering Layout: _tabs/categories.md
         Rendering: _tabs/categories.md/#excerpt
  Pre-Render Hooks: _tabs/categories.md/#excerpt
  Rendering Markup: _tabs/categories.md/#excerpt
Post-Convert Hooks: _tabs/categories.md/#excerpt
 Include cache hit: /workspaces/otsecverse.github.io/_includes/favicons.html
 Include cache hit: /workspaces/otsecverse.github.io/_includes/update-list.html
 Include cache hit: /workspaces/otsecverse.github.io/_includes/trending-tags.html
 Include cache hit: /workspaces/otsecverse.github.io/_includes/footer.html
 Include cache hit: /workspaces/otsecverse.github.io/_includes/search-results.html
 Include cache hit: /workspaces/otsecverse.github.io/_includes/notification.html
 Include cache hit: /workspaces/otsecverse.github.io/_includes/search-loader.html
         Rendering: _tabs/tags.md
  Pre-Render Hooks: _tabs/tags.md
  Rendering Markup: _tabs/tags.md
Post-Convert Hooks: _tabs/tags.md
  Rendering Layout: _tabs/tags.md
         Rendering: _tabs/tags.md/#excerpt
  Pre-Render Hooks: _tabs/tags.md/#excerpt
  Rendering Markup: _tabs/tags.md/#excerpt
Post-Convert Hooks: _tabs/tags.md/#excerpt
 Include cache hit: /workspaces/otsecverse.github.io/_includes/favicons.html
 Include cache hit: /workspaces/otsecverse.github.io/_includes/update-list.html
 Include cache hit: /workspaces/otsecverse.github.io/_includes/trending-tags.html
 Include cache hit: /workspaces/otsecverse.github.io/_includes/footer.html
 Include cache hit: /workspaces/otsecverse.github.io/_includes/search-results.html
 Include cache hit: /workspaces/otsecverse.github.io/_includes/notification.html
 Include cache hit: /workspaces/otsecverse.github.io/_includes/search-loader.html
         Rendering: _tabs/about.md
  Pre-Render Hooks: _tabs/about.md
  Rendering Markup: _tabs/about.md
Post-Convert Hooks: _tabs/about.md
  Rendering Layout: _tabs/about.md
         Rendering: _tabs/about.md/#excerpt
  Pre-Render Hooks: _tabs/about.md/#excerpt
  Rendering Markup: _tabs/about.md/#excerpt
Post-Convert Hooks: _tabs/about.md/#excerpt
 Include cache hit: /workspaces/otsecverse.github.io/_includes/favicons.html
 Include cache hit: /workspaces/otsecverse.github.io/_includes/update-list.html
 Include cache hit: /workspaces/otsecverse.github.io/_includes/trending-tags.html
 Include cache hit: /workspaces/otsecverse.github.io/_includes/footer.html
 Include cache hit: /workspaces/otsecverse.github.io/_includes/search-results.html
 Include cache hit: /workspaces/otsecverse.github.io/_includes/notification.html
 Include cache hit: /workspaces/otsecverse.github.io/_includes/search-loader.html
         Rendering: _tabs/archives.md
  Pre-Render Hooks: _tabs/archives.md
  Rendering Markup: _tabs/archives.md
Post-Convert Hooks: _tabs/archives.md
  Rendering Layout: _tabs/archives.md
         Rendering: _tabs/archives.md/#excerpt
  Pre-Render Hooks: _tabs/archives.md/#excerpt
  Rendering Markup: _tabs/archives.md/#excerpt
Post-Convert Hooks: _tabs/archives.md/#excerpt
 Include cache hit: /workspaces/otsecverse.github.io/_includes/favicons.html
 Include cache hit: /workspaces/otsecverse.github.io/_includes/update-list.html
 Include cache hit: /workspaces/otsecverse.github.io/_includes/trending-tags.html
 Include cache hit: /workspaces/otsecverse.github.io/_includes/footer.html
 Include cache hit: /workspaces/otsecverse.github.io/_includes/search-results.html
 Include cache hit: /workspaces/otsecverse.github.io/_includes/notification.html
 Include cache hit: /workspaces/otsecverse.github.io/_includes/search-loader.html
         Rendering: index.html
  Pre-Render Hooks: index.html
  Rendering Markup: index.html
Post-Convert Hooks: index.html
  Rendering Layout: index.html
 Include cache hit: /workspaces/otsecverse.github.io/_includes/favicons.html
 Include cache hit: /workspaces/otsecverse.github.io/_includes/update-list.html
 Include cache hit: /workspaces/otsecverse.github.io/_includes/trending-tags.html
 Include cache hit: /workspaces/otsecverse.github.io/_includes/footer.html
 Include cache hit: /workspaces/otsecverse.github.io/_includes/search-results.html
 Include cache hit: /workspaces/otsecverse.github.io/_includes/notification.html
 Include cache hit: /workspaces/otsecverse.github.io/_includes/search-loader.html
         Rendering: assets/404.html
  Pre-Render Hooks: assets/404.html
  Rendering Liquid: assets/404.html
  Rendering Markup: assets/404.html
Post-Convert Hooks: assets/404.html
  Rendering Layout: assets/404.html
 Include cache hit: /workspaces/otsecverse.github.io/_includes/favicons.html
 Include cache hit: /workspaces/otsecverse.github.io/_includes/update-list.html
 Include cache hit: /workspaces/otsecverse.github.io/_includes/trending-tags.html
 Include cache hit: /workspaces/otsecverse.github.io/_includes/footer.html
 Include cache hit: /workspaces/otsecverse.github.io/_includes/search-results.html
 Include cache hit: /workspaces/otsecverse.github.io/_includes/notification.html
 Include cache hit: /workspaces/otsecverse.github.io/_includes/search-loader.html
         Rendering: assets/css/jekyll-theme-chirpy.scss
  Pre-Render Hooks: assets/css/jekyll-theme-chirpy.scss
  Rendering Liquid: assets/css/jekyll-theme-chirpy.scss
  Rendering Markup: assets/css/jekyll-theme-chirpy.scss
Post-Convert Hooks: assets/css/jekyll-theme-chirpy.scss
         Rendering: assets/feed.xml
  Pre-Render Hooks: assets/feed.xml
  Rendering Liquid: assets/feed.xml
  Rendering Markup: assets/feed.xml
Post-Convert Hooks: assets/feed.xml
  Rendering Layout: assets/feed.xml
         Rendering: assets/img/favicons/site.webmanifest
  Pre-Render Hooks: assets/img/favicons/site.webmanifest
  Rendering Liquid: assets/img/favicons/site.webmanifest
  Rendering Markup: assets/img/favicons/site.webmanifest
Post-Convert Hooks: assets/img/favicons/site.webmanifest
  Rendering Layout: assets/img/favicons/site.webmanifest
         Rendering: assets/js/data/mathjax.js
  Pre-Render Hooks: assets/js/data/mathjax.js
  Rendering Liquid: assets/js/data/mathjax.js
  Rendering Markup: assets/js/data/mathjax.js
Post-Convert Hooks: assets/js/data/mathjax.js
  Rendering Layout: assets/js/data/mathjax.js
         Rendering: assets/js/data/search.json
  Pre-Render Hooks: assets/js/data/search.json
  Rendering Liquid: assets/js/data/search.json
  Rendering Markup: assets/js/data/search.json
Post-Convert Hooks: assets/js/data/search.json
  Rendering Layout: assets/js/data/search.json
         Rendering: assets/js/data/swconf.js
  Pre-Render Hooks: assets/js/data/swconf.js
  Rendering Liquid: assets/js/data/swconf.js
  Rendering Markup: assets/js/data/swconf.js
Post-Convert Hooks: assets/js/data/swconf.js
  Rendering Layout: assets/js/data/swconf.js
         Rendering: assets/js/dist/app.min.js
  Pre-Render Hooks: assets/js/dist/app.min.js
  Rendering Markup: assets/js/dist/app.min.js
Post-Convert Hooks: assets/js/dist/app.min.js
  Rendering Layout: assets/js/dist/app.min.js
         Rendering: assets/js/dist/sw.min.js
  Pre-Render Hooks: assets/js/dist/sw.min.js
  Rendering Markup: assets/js/dist/sw.min.js
Post-Convert Hooks: assets/js/dist/sw.min.js
  Rendering Layout: assets/js/dist/sw.min.js
         Rendering: assets/robots.txt
  Pre-Render Hooks: assets/robots.txt
  Rendering Liquid: assets/robots.txt
  Rendering Markup: assets/robots.txt
Post-Convert Hooks: assets/robots.txt
  Rendering Layout: assets/robots.txt
         Rendering: categories/blog/index.html
  Pre-Render Hooks: categories/blog/index.html
  Rendering Markup: categories/blog/index.html
Post-Convert Hooks: categories/blog/index.html
  Rendering Layout: categories/blog/index.html
 Include cache hit: /workspaces/otsecverse.github.io/_includes/favicons.html
 Include cache hit: /workspaces/otsecverse.github.io/_includes/update-list.html
 Include cache hit: /workspaces/otsecverse.github.io/_includes/trending-tags.html
 Include cache hit: /workspaces/otsecverse.github.io/_includes/footer.html
 Include cache hit: /workspaces/otsecverse.github.io/_includes/search-results.html
 Include cache hit: /workspaces/otsecverse.github.io/_includes/notification.html
 Include cache hit: /workspaces/otsecverse.github.io/_includes/search-loader.html
         Rendering: categories/research/index.html
  Pre-Render Hooks: categories/research/index.html
  Rendering Markup: categories/research/index.html
Post-Convert Hooks: categories/research/index.html
  Rendering Layout: categories/research/index.html
 Include cache hit: /workspaces/otsecverse.github.io/_includes/favicons.html
 Include cache hit: /workspaces/otsecverse.github.io/_includes/update-list.html
 Include cache hit: /workspaces/otsecverse.github.io/_includes/trending-tags.html
 Include cache hit: /workspaces/otsecverse.github.io/_includes/footer.html
 Include cache hit: /workspaces/otsecverse.github.io/_includes/search-results.html
 Include cache hit: /workspaces/otsecverse.github.io/_includes/notification.html
 Include cache hit: /workspaces/otsecverse.github.io/_includes/search-loader.html
         Rendering: index.html
  Pre-Render Hooks: index.html
  Rendering Markup: index.html
Post-Convert Hooks: index.html
  Rendering Layout: index.html
 Include cache hit: /workspaces/otsecverse.github.io/_includes/favicons.html
 Include cache hit: /workspaces/otsecverse.github.io/_includes/update-list.html
 Include cache hit: /workspaces/otsecverse.github.io/_includes/trending-tags.html
 Include cache hit: /workspaces/otsecverse.github.io/_includes/footer.html
 Include cache hit: /workspaces/otsecverse.github.io/_includes/search-results.html
 Include cache hit: /workspaces/otsecverse.github.io/_includes/notification.html
 Include cache hit: /workspaces/otsecverse.github.io/_includes/search-loader.html
         Rendering: index.html
  Pre-Render Hooks: index.html
  Rendering Markup: index.html
Post-Convert Hooks: index.html
  Rendering Layout: index.html
 Include cache hit: /workspaces/otsecverse.github.io/_includes/favicons.html
 Include cache hit: /workspaces/otsecverse.github.io/_includes/update-list.html
 Include cache hit: /workspaces/otsecverse.github.io/_includes/trending-tags.html
 Include cache hit: /workspaces/otsecverse.github.io/_includes/footer.html
 Include cache hit: /workspaces/otsecverse.github.io/_includes/search-results.html
 Include cache hit: /workspaces/otsecverse.github.io/_includes/notification.html
 Include cache hit: /workspaces/otsecverse.github.io/_includes/search-loader.html
         Rendering: index.html
  Pre-Render Hooks: index.html
  Rendering Markup: index.html
Post-Convert Hooks: index.html
  Rendering Layout: index.html
 Include cache hit: /workspaces/otsecverse.github.io/_includes/favicons.html
 Include cache hit: /workspaces/otsecverse.github.io/_includes/update-list.html
 Include cache hit: /workspaces/otsecverse.github.io/_includes/trending-tags.html
 Include cache hit: /workspaces/otsecverse.github.io/_includes/footer.html
 Include cache hit: /workspaces/otsecverse.github.io/_includes/search-results.html
 Include cache hit: /workspaces/otsecverse.github.io/_includes/notification.html
 Include cache hit: /workspaces/otsecverse.github.io/_includes/search-loader.html
         Rendering: sitemap.xml
  Pre-Render Hooks: sitemap.xml
  Rendering Liquid: sitemap.xml
  Rendering Markup: sitemap.xml
Post-Convert Hooks: sitemap.xml
  Rendering Layout: sitemap.xml
         Rendering: assets/css/jekyll-theme-chirpy.css.map
  Pre-Render Hooks: assets/css/jekyll-theme-chirpy.css.map
  Rendering Markup: assets/css/jekyll-theme-chirpy.css.map
Post-Convert Hooks: assets/css/jekyll-theme-chirpy.css.map
           Writing: /workspaces/otsecverse.github.io/_site/index.html
           Writing: /workspaces/otsecverse.github.io/_site/404.html
           Writing: /workspaces/otsecverse.github.io/_site/assets/css/jekyll-theme-chirpy.css
           Writing: /workspaces/otsecverse.github.io/_site/feed.xml
           Writing: /workspaces/otsecverse.github.io/_site/assets/img/favicons/site.webmanifest
           Writing: /workspaces/otsecverse.github.io/_site/assets/js/data/mathjax.js
           Writing: /workspaces/otsecverse.github.io/_site/assets/js/data/search.json
           Writing: /workspaces/otsecverse.github.io/_site/assets/js/data/swconf.js
           Writing: /workspaces/otsecverse.github.io/_site/app.min.js
           Writing: /workspaces/otsecverse.github.io/_site/sw.min.js
           Writing: /workspaces/otsecverse.github.io/_site/robots.txt
           Writing: /workspaces/otsecverse.github.io/_site/categories/blog/index.html
           Writing: /workspaces/otsecverse.github.io/_site/categories/research/index.html
           Writing: /workspaces/otsecverse.github.io/_site/page2/index.html
           Writing: /workspaces/otsecverse.github.io/_site/page3/index.html
           Writing: /workspaces/otsecverse.github.io/_site/page4/index.html
           Writing: /workspaces/otsecverse.github.io/_site/sitemap.xml
           Writing: /workspaces/otsecverse.github.io/_site/assets/css/jekyll-theme-chirpy.css.map
           Writing: /workspaces/otsecverse.github.io/_site/posts/Post-0/index.html
           Writing: /workspaces/otsecverse.github.io/_site/posts/Post-1/index.html
           Writing: /workspaces/otsecverse.github.io/_site/posts/Post-2/index.html
           Writing: /workspaces/otsecverse.github.io/_site/posts/Post-3/index.html
           Writing: /workspaces/otsecverse.github.io/_site/posts/Post-4/index.html
           Writing: /workspaces/otsecverse.github.io/_site/posts/Post-5/index.html
           Writing: /workspaces/otsecverse.github.io/_site/posts/Post-6/index.html
           Writing: /workspaces/otsecverse.github.io/_site/posts/Post-7/index.html
           Writing: /workspaces/otsecverse.github.io/_site/posts/Post-8/index.html
           Writing: /workspaces/otsecverse.github.io/_site/posts/Post-9/index.html
           Writing: /workspaces/otsecverse.github.io/_site/posts/Post-10/index.html
           Writing: /workspaces/otsecverse.github.io/_site/posts/Post-11/index.html
           Writing: /workspaces/otsecverse.github.io/_site/posts/Post-12/index.html
           Writing: /workspaces/otsecverse.github.io/_site/posts/Post-13/index.html
           Writing: /workspaces/otsecverse.github.io/_site/posts/Post-14/index.html
           Writing: /workspaces/otsecverse.github.io/_site/posts/Post-15/index.html
           Writing: /workspaces/otsecverse.github.io/_site/posts/Post-16/index.html
           Writing: /workspaces/otsecverse.github.io/_site/posts/Post-17/index.html
           Writing: /workspaces/otsecverse.github.io/_site/posts/Post-18/index.html
           Writing: /workspaces/otsecverse.github.io/_site/posts/Post-19/index.html
           Writing: /workspaces/otsecverse.github.io/_site/posts/Post-20/index.html
           Writing: /workspaces/otsecverse.github.io/_site/posts/Post-21/index.html
           Writing: /workspaces/otsecverse.github.io/_site/posts/Post-22/index.html
           Writing: /workspaces/otsecverse.github.io/_site/posts/Post-23/index.html
           Writing: /workspaces/otsecverse.github.io/_site/posts/Post-24/index.html
           Writing: /workspaces/otsecverse.github.io/_site/posts/Post-25/index.html
           Writing: /workspaces/otsecverse.github.io/_site/posts/Post-26/index.html
           Writing: /workspaces/otsecverse.github.io/_site/posts/Post-27/index.html
           Writing: /workspaces/otsecverse.github.io/_site/posts/Post-28/index.html
           Writing: /workspaces/otsecverse.github.io/_site/posts/Post-29/index.html
           Writing: /workspaces/otsecverse.github.io/_site/posts/Post-30/index.html
           Writing: /workspaces/otsecverse.github.io/_site/posts/Post-31/index.html
           Writing: /workspaces/otsecverse.github.io/_site/posts/Post-32/index.html
           Writing: /workspaces/otsecverse.github.io/_site/posts/Post-33/index.html
           Writing: /workspaces/otsecverse.github.io/_site/posts/Post-34/index.html
           Writing: /workspaces/otsecverse.github.io/_site/posts/Post-35/index.html
           Writing: /workspaces/otsecverse.github.io/_site/posts/Post-36/index.html
           Writing: /workspaces/otsecverse.github.io/_site/posts/Post-37/index.html
           Writing: /workspaces/otsecverse.github.io/_site/posts/Post-38/index.html
           Writing: /workspaces/otsecverse.github.io/_site/posts/Post-39/index.html
           Writing: /workspaces/otsecverse.github.io/_site/posts/Post-40/index.html
           Writing: /workspaces/otsecverse.github.io/_site/posts/Post-41/index.html
           Writing: /workspaces/otsecverse.github.io/_site/posts/Post-42/index.html
           Writing: /workspaces/otsecverse.github.io/_site/posts/Post-43/index.html
           Writing: /workspaces/otsecverse.github.io/_site/posts/Post-44/index.html
           Writing: /workspaces/otsecverse.github.io/_site/posts/Post-45/index.html
           Writing: /workspaces/otsecverse.github.io/_site/posts/Post-46/index.html
           Writing: /workspaces/otsecverse.github.io/_site/posts/Post-47/index.html
           Writing: /workspaces/otsecverse.github.io/_site/categories/index.html
           Writing: /workspaces/otsecverse.github.io/_site/tags/index.html
           Writing: /workspaces/otsecverse.github.io/_site/about/index.html
           Writing: /workspaces/otsecverse.github.io/_site/archives/index.html
                    done in 3.132 seconds.
 Auto-regeneration: disabled. Use --watch to enable.
